<?xml version="1.0" encoding="UTF-8"?>
<testng-results ignored="0" total="1" passed="1" failed="0" skipped="0">
  <reporter-output>
  </reporter-output>
  <suite started-at="2023-10-22T23:19:23 BDT" name="Default suite" finished-at="2023-10-22T23:19:57 BDT" duration-ms="33923">
    <groups>
    </groups>
    <test started-at="2023-10-22T23:19:23 BDT" name="Default test" finished-at="2023-10-22T23:19:57 BDT" duration-ms="33923">
      <class name="TestCase.FirstTestCase">
        <test-method is-config="true" signature="setup()[pri:0, instance:TestCase.FirstTestCase@46cdf8bd]" started-at="2023-10-22T23:19:23 BDT" name="setup" finished-at="2023-10-22T23:19:36 BDT" duration-ms="13673" status="PASS">
          <reporter-output>
          </reporter-output>
        </test-method> <!-- setup -->
        <test-method signature="LogTest()[pri:0, instance:TestCase.FirstTestCase@46cdf8bd]" started-at="2023-10-22T23:19:36 BDT" name="LogTest" finished-at="2023-10-22T23:19:56 BDT" duration-ms="20050" status="PASS">
          <reporter-output>
          </reporter-output>
        </test-method> <!-- LogTest -->
        <test-method is-config="true" signature="teardown()[pri:0, instance:TestCase.FirstTestCase@46cdf8bd]" started-at="2023-10-22T23:19:56 BDT" name="teardown" finished-at="2023-10-22T23:19:57 BDT" duration-ms="124" status="PASS">
          <reporter-output>
          </reporter-output>
        </test-method> <!-- teardown -->
      </class> <!-- TestCase.FirstTestCase -->
    </test> <!-- Default test -->
  </suite> <!-- Default suite -->
</testng-results>
